<?xml version="1.0" encoding="UTF-8"?>
<!-- Generated by org.testng.reporters.JUnitXMLReporter -->
<testsuite hostname="IN1252698W1" ignored="0" name="Test" tests="3" failures="0" timestamp="2020-04-11T18:49:51 IST" time="84.662" errors="0">
  <testcase name="createLead" time="25.199" classname="org.leaftaps.testcases.TC002_CreateLead"/>
  <testcase name="createLead" time="17.0" classname="org.leaftaps.testcases.TC002_CreateLead"/>
  <testcase name="createLead" time="11.44" classname="org.leaftaps.testcases.TC002_CreateLead"/>
</testsuite> <!-- Test -->
